<?xml version="1.0" encoding="UTF-8"?>
<testng-results ignored="0" total="1" passed="1" failed="0" skipped="0">
  <reporter-output>
  </reporter-output>
  <suite started-at="2026-09-21T11:56:39 IST" name="Surefire suite" finished-at="2026-09-21T11:56:43 IST" duration-ms="3613">
    <groups>
    </groups>
    <test started-at="2026-09-21T11:56:39 IST" name="Surefire test" finished-at="2026-09-21T11:56:43 IST" duration-ms="3613">
      <class name="com.sathyakunda.qa.web.tests.ExamplePageTest">
        <test-method is-config="true" signature="setUp()[pri:0, instance:com.sathyakunda.qa.web.tests.ExamplePageTest@7219ec67]" started-at="2026-09-21T11:56:39 IST" name="setUp" finished-at="2026-09-21T11:56:43 IST" duration-ms="3457" status="PASS">
          <reporter-output>
          </reporter-output>
        </test-method> <!-- setUp -->
        <test-method signature="verifyExamplePage()[pri:0, instance:com.sathyakunda.qa.web.tests.ExamplePageTest@7219ec67]" started-at="2026-09-21T11:56:43 IST" name="verifyExamplePage" finished-at="2026-09-21T11:56:43 IST" duration-ms="42" status="PASS">
          <reporter-output>
          </reporter-output>
        </test-method> <!-- verifyExamplePage -->
        <test-method is-config="true" signature="tearDown()[pri:0, instance:com.sathyakunda.qa.web.tests.ExamplePageTest@7219ec67]" started-at="2026-09-21T11:56:43 IST" name="tearDown" finished-at="2026-09-21T11:56:43 IST" duration-ms="97" status="PASS">
          <reporter-output>
          </reporter-output>
        </test-method> <!-- tearDown -->
      </class> <!-- com.sathyakunda.qa.web.tests.ExamplePageTest -->
    </test> <!-- Surefire test -->
  </suite> <!-- Surefire suite -->
</testng-results>
